2018-08-29 13:29:10 INFO  - PASSED - Create New Email - chargerTest - 9 - Ahmet - 10.2 - 3.4.1 - 172.25.144.1 - - 
2018-08-29 14:26:17 INFO  - PASSED - Create New Email - chargerTest - 66 - Ahmet - 10.2 - 3.4.1 - 172.25.144.1 - - 
2018-08-29 14:31:38 INFO  - PASSED - Create New Email - chargerTest - 67 - Ahmet - 10.2 - 3.4.1 - 172.25.144.1 - - 
2018-08-29 14:36:21 INFO  - PASSED - Create New Email - chargerTest - 62 - Ahmet - 10.2 - 3.4.1 - 172.25.144.1 - - 
2018-08-29 14:41:05 ERROR - FAILED - Create New Email - chargerTest - 64 - Ahmet - 10.2 - 3.4.1 - 172.25.144.1 - io.appium.java_client.android.AndroidDriver cannot be cast to org.openqa.selenium.interactions.HasTouchScreen 
2018-08-29 14:42:59 INFO  - PASSED - Create New Email - chargerTest - 52 - Ahmet - 10.2 - 3.4.1 - 172.25.144.1 - - 
2018-08-29 15:13:50 INFO  - PASSED - Create New Email - chargerTest - 57 - Ahmet - 10.2 - 3.4.1 - 172.25.144.1 - - 
2018-08-29 15:18:32 INFO  - PASSED - Create New Email - chargerTest - 87 - Ahmet - 10.2 - 3.4.1 - 172.25.144.1 - - 
2018-08-29 15:29:20 ERROR - FAILED - Create New Email - chargerTest - 63 - Ahmet - 10.2 - 3.4.1 - 172.25.144.1 - An unknown server-side error occurred while processing the command. Original error: Cannot get screenshot data because of 'Error executing adbExec. Original error: 'Command ''C:\\Program Files (x86)\\Android\\android-sdk\\platform-tools\\adb.exe' -P 5037 -s 5200a11fee23b461 shell /system/bin/rm /data/local/tmp/screenshot.png\; /system/bin/screencap -p /data/local/tmp/screenshot.png' timed out after 20000ms'; Stderr: ''; Code: 'null''. Make sure the 'LayoutParams.FLAG_SECURE' is not set for the current view
Build info: version: '3.14.0', revision: 'aacccce0', time: '2018-08-02T20:19:58.91Z'
System info: host: '121069-SUPRISUL', ip: '172.25.144.1', os.name: 'Windows 10', os.arch: 'amd64', os.version: '10.0', java.version: '1.8.0_162'
Driver info: io.appium.java_client.android.AndroidDriver
Capabilities {app: C:\eclipse-workspace\mobile..., appActivity: com.google.android.gm.Conve..., appPackage: com.google.android.gm, databaseEnabled: false, desired: {app: C:\eclipse-workspace\mobile..., appActivity: com.google.android.gm.Conve..., appPackage: com.google.android.gm, deviceName: Galaxy A8 (2018), deviceVersion: 7.7.1, platformName: android}, deviceManufacturer: samsung, deviceModel: SM-A530F, deviceName: 5200a11fee23b461, deviceScreenSize: 1080x2220, deviceUDID: 5200a11fee23b461, deviceVersion: 7.7.1, javascriptEnabled: true, locationContextEnabled: false, networkConnectionEnabled: true, platform: LINUX, platformName: Android, platformVersion: 7.1.1, takesScreenshot: true, warnings: {}, webStorageEnabled: false}
Session ID: fc7de80b-15f4-44c5-9554-120e36bb92ee 
2018-08-29 15:35:21 ERROR - FAILED - Create New Email - chargerTest - 51 - Ahmet - 10.2 - 3.4.1 - 172.25.144.1 - An unknown server-side error occurred while processing the command. Original error: Cannot get screenshot data because of 'Error executing adbExec. Original error: 'Command ''C:\\Program Files (x86)\\Android\\android-sdk\\platform-tools\\adb.exe' -P 5037 -s 5200a11fee23b461 shell /system/bin/rm /data/local/tmp/screenshot.png\; /system/bin/screencap -p /data/local/tmp/screenshot.png' timed out after 20000ms'; Stderr: ''; Code: 'null''. Make sure the 'LayoutParams.FLAG_SECURE' is not set for the current view
Build info: version: '3.14.0', revision: 'aacccce0', time: '2018-08-02T20:19:58.91Z'
System info: host: '121069-SUPRISUL', ip: '172.25.144.1', os.name: 'Windows 10', os.arch: 'amd64', os.version: '10.0', java.version: '1.8.0_162'
Driver info: io.appium.java_client.android.AndroidDriver
Capabilities {app: C:\eclipse-workspace\mobile..., appActivity: com.google.android.gm.Conve..., appPackage: com.google.android.gm, databaseEnabled: false, desired: {app: C:\eclipse-workspace\mobile..., appActivity: com.google.android.gm.Conve..., appPackage: com.google.android.gm, deviceName: Galaxy A8 (2018), deviceVersion: 7.7.1, platformName: android}, deviceManufacturer: samsung, deviceModel: SM-A530F, deviceName: 5200a11fee23b461, deviceScreenSize: 1080x2220, deviceUDID: 5200a11fee23b461, deviceVersion: 7.7.1, javascriptEnabled: true, locationContextEnabled: false, networkConnectionEnabled: true, platform: LINUX, platformName: Android, platformVersion: 7.1.1, takesScreenshot: true, warnings: {}, webStorageEnabled: false}
Session ID: 38e1e86b-9a51-422a-a464-e208b699e884 
2018-08-29 15:37:49 ERROR - FAILED - Create New Email - chargerTest - 63 - Ahmet - 10.2 - 3.4.1 - 172.25.144.1 - An unknown server-side error occurred while processing the command. Original error: Cannot get screenshot data because of 'Error executing adbExec. Original error: 'Command ''C:\\Program Files (x86)\\Android\\android-sdk\\platform-tools\\adb.exe' -P 5037 -s 5200a11fee23b461 shell /system/bin/rm /data/local/tmp/screenshot.png\; /system/bin/screencap -p /data/local/tmp/screenshot.png' timed out after 20000ms'; Stderr: ''; Code: 'null''. Make sure the 'LayoutParams.FLAG_SECURE' is not set for the current view
Build info: version: '3.14.0', revision: 'aacccce0', time: '2018-08-02T20:19:58.91Z'
System info: host: '121069-SUPRISUL', ip: '172.25.144.1', os.name: 'Windows 10', os.arch: 'amd64', os.version: '10.0', java.version: '1.8.0_162'
Driver info: io.appium.java_client.android.AndroidDriver
Capabilities {app: C:\eclipse-workspace\mobile..., appActivity: com.google.android.gm.Conve..., appPackage: com.google.android.gm, databaseEnabled: false, desired: {app: C:\eclipse-workspace\mobile..., appActivity: com.google.android.gm.Conve..., appPackage: com.google.android.gm, deviceName: Galaxy A8 (2018), deviceVersion: 7.7.1, platformName: android}, deviceManufacturer: samsung, deviceModel: SM-A530F, deviceName: 5200a11fee23b461, deviceScreenSize: 1080x2220, deviceUDID: 5200a11fee23b461, deviceVersion: 7.7.1, javascriptEnabled: true, locationContextEnabled: false, networkConnectionEnabled: true, platform: LINUX, platformName: Android, platformVersion: 7.1.1, takesScreenshot: true, warnings: {}, webStorageEnabled: false}
Session ID: 48474c4d-b07d-4d22-8412-5e8afc288af8 
2018-08-29 15:49:32 ERROR - FAILED - Create New Email - chargerTest - 51 - Ahmet - 10.2 - 3.4.1 - 172.25.144.1 - An unknown server-side error occurred while processing the command. Original error: Cannot get screenshot data because of 'Error executing adbExec. Original error: 'Command ''C:\\Program Files (x86)\\Android\\android-sdk\\platform-tools\\adb.exe' -P 5037 -s 5200a11fee23b461 shell /system/bin/rm /data/local/tmp/screenshot.png\; /system/bin/screencap -p /data/local/tmp/screenshot.png' timed out after 20000ms'; Stderr: ''; Code: 'null''. Make sure the 'LayoutParams.FLAG_SECURE' is not set for the current view
Build info: version: '3.14.0', revision: 'aacccce0', time: '2018-08-02T20:19:58.91Z'
System info: host: '121069-SUPRISUL', ip: '172.25.144.1', os.name: 'Windows 10', os.arch: 'amd64', os.version: '10.0', java.version: '1.8.0_162'
Driver info: io.appium.java_client.android.AndroidDriver
Capabilities {app: C:\eclipse-workspace\mobile..., appActivity: com.google.android.gm.Conve..., appPackage: com.google.android.gm, databaseEnabled: false, desired: {app: C:\eclipse-workspace\mobile..., appActivity: com.google.android.gm.Conve..., appPackage: com.google.android.gm, deviceName: Galaxy A8 (2018), deviceVersion: 7.7.1, platformName: android}, deviceManufacturer: samsung, deviceModel: SM-A530F, deviceName: 5200a11fee23b461, deviceScreenSize: 1080x2220, deviceUDID: 5200a11fee23b461, deviceVersion: 7.7.1, javascriptEnabled: true, locationContextEnabled: false, networkConnectionEnabled: true, platform: LINUX, platformName: Android, platformVersion: 7.1.1, takesScreenshot: true, warnings: {}, webStorageEnabled: false}
Session ID: 675b2f1d-7708-448f-bb62-e06ca621ec4c 
2018-08-29 15:51:50 INFO  - PASSED - Create New Email - chargerTest - 71 - Ahmet - 10.2 - 3.4.1 - 172.25.144.1 - - 
2018-08-29 16:00:26 INFO  - PASSED - Create New Email - chargerTest - 79 - Ahmet - 10.2 - 3.4.1 - 172.25.144.1 - - 
2018-08-29 16:06:02 INFO  - PASSED - Create New Email - chargerTest - 74 - Ahmet - 10.2 - 3.4.1 - 172.25.144.1 - - 
2018-08-29 16:09:22 INFO  - PASSED - Create New Email - chargerTest - 67 - Ahmet - 10.2 - 3.4.1 - 172.25.144.1 - - 
2018-08-29 16:11:53 INFO  - PASSED - Create New Email - chargerTest - 81 - Ahmet - 10.2 - 3.4.1 - 172.25.144.1 - - 
2018-08-29 16:27:16 ERROR - FAILED - Create New Email - chargerTest - 104 - Ahmet - 10.2 - 3.4.1 - 172.25.144.1 - Expected condition failed: waiting for visibility of element located by By.xpath: //android.view.View[contains(text(),Teste Enviando email via Appium!")] (tried for 30 second(s) with 500 milliseconds interval) 
2018-08-29 17:26:17 ERROR - FAILED - Create New Email - chargerTest - 111 - Ahmet - 10.2 - 3.4.1 - 172.25.144.1 - Expected condition failed: waiting for visibility of element located by By.xpath: //android.view.View[contains(text(),Teste Enviando email via Appium!")] (tried for 30 second(s) with 500 milliseconds interval) 
2018-08-30 11:59:24 ERROR - FAILED - Create New Email - chargerTest - 70 - Ahmet - 10.2 - 3.4.1 - 172.25.144.1 - expected [Teste Enviando email via Appium!] but found [] 
2018-08-30 12:02:58 INFO  - PASSED - Create New Email - chargerTest - 77 - Ahmet - 10.2 - 3.4.1 - 172.25.144.1 - - 
2018-08-30 12:29:49 ERROR - FAILED - Create New Email - chargerTest - 94 - Ahmet - 10.2 - 3.4.1 - 172.25.144.1 - Expected condition failed: waiting for element to be clickable: By.id: com.google.android.gm:id/welcome_tour_got_it (tried for 30 second(s) with 500 milliseconds interval) 
2018-08-30 12:33:52 ERROR - FAILED - Create New Email - chargerTest - 152 - Ahmet - 10.2 - 3.4.1 - 172.25.144.1 - Expected condition failed: waiting for element to be clickable: By.id: com.google.android.gm:id/welcome_tour_got_it (tried for 30 second(s) with 500 milliseconds interval) 
2018-08-30 12:38:54 ERROR - FAILED - Create New Email - chargerTest - 208 - Ahmet - 10.2 - 3.4.1 - 172.25.144.1 - Expected condition failed: waiting for element to be clickable: By.id: com.google.android.gm:id/welcome_tour_got_it (tried for 60 second(s) with 500 milliseconds interval) 
2018-08-30 12:44:35 ERROR - FAILED - Create New Email - chargerTest - 165 - Ahmet - 10.2 - 3.4.1 - 172.25.144.1 - Index: 1, Size: 1 
2018-08-30 13:11:30 ERROR - FAILED - Create New Email - chargerTest - 167 - Ahmet - 10.2 - 3.4.1 - 172.25.144.1 - Expected condition failed: waiting for presence of element located by: By.xpath: //android.view.View[contains(@content-desc,'Teste Enviando email via Appium!')] (tried for 70 second(s) with 500 milliseconds interval) 
2018-08-30 13:17:03 ERROR - FAILED - Create New Email - chargerTest - 184 - Ahmet - 10.2 - 3.4.1 - 172.25.144.1 - Index: 1, Size: 1 
2018-08-30 13:33:47 ERROR - FAILED - Create New Email - chargerTest - 96 - Ahmet - 10.2 - 3.4.1 - 172.25.144.1 - Index: 1, Size: 1 
2018-08-30 15:13:49 INFO  - PASSED - Create New Email - chargerTest - 146 - Ahmet - 10.2 - 3.4.1 - 172.25.144.1 - - 
2018-08-30 15:22:22 ERROR - FAILED - Create New Email - chargerTest - 159 - Ahmet - 10.2 - 3.4.1 - 172.25.144.1 - Expected condition failed: waiting for presence of element located by: By.xpath: //android.view.View[contains(@content-desc,'Teste Enviando email via Appium!')] (tried for 70 second(s) with 500 milliseconds interval) 
2018-08-30 15:32:36 ERROR - FAILED - Create New Email - chargerTest - 161 - Ahmet - 10.2 - 3.4.1 - 172.25.144.1 - Expected condition failed: waiting for presence of element located by: By.xpath: //android.view.View[contains(@content-desc,'Teste Enviando email via Appium!')] (tried for 70 second(s) with 500 milliseconds interval) 
2018-08-30 15:40:19 INFO  - PASSED - Create New Email - chargerTest - 92 - Ahmet - 10.2 - 3.4.1 - 172.25.144.1 - - 
2018-08-30 15:55:46 ERROR - FAILED - Create New Email - chargerTest - 177 - Ahmet - 10.2 - 3.4.1 - 172.25.144.1 - Expected condition failed: waiting for element to be clickable: By.id: com.google.android.gm:id/mail_toolbar (tried for 70 second(s) with 500 milliseconds interval) 
2018-08-30 16:14:36 ERROR - FAILED - Create New Email - chargerTest - 225 - Ahmet - 10.2 - 3.4.1 - 172.25.144.1 - Expected condition failed: waiting for visibility of element located by By.xpath: /hierarchy/android.widget.FrameLayout/android.widget.LinearLayout/android.widget.FrameLayout/android.view.ViewGroup/android.widget.FrameLayout[2]/android.widget.RelativeLayout/android.widget.ScrollView/android.widget.LinearLayout/android.widget.LinearLayout/android.widget.RelativeLayout/android.widget.LinearLayout/android.webkit.WebView/android.webkit.WebView/android.view.View (tried for 70 second(s) with 500 milliseconds interval) 
2018-08-30 17:19:08 ERROR - FAILED - Create New Email - chargerTest - 88 - Ahmet - 10.2 - 3.4.1 - 172.25.144.1 - 
Expected: <false>
     but: was <true> 
2018-08-30 17:35:03 ERROR - FAILED - Feature Email - chargerTest - 86 - Ahmet - 10.2 - 3.4.1 - 172.25.144.1 - 
Expected: <false>
     but: was <true> 
2018-08-30 17:41:26 INFO  - PASSED - Feature Email - chargerTest - 89 - Ahmet - 10.2 - 3.4.1 - 172.25.144.1 - - 
2018-08-30 17:47:32 ERROR - FAILED - Feature Email - chargerTest - 157 - Ahmet - 10.2 - 3.4.1 - 172.25.144.1 - Expected condition failed: waiting for visibility of element located by By.xpath: /hierarchy/android.widget.FrameLayout/android.widget.LinearLayout/android.widget.FrameLayout/android.view.ViewGroup/android.widget.FrameLayout[2]/android.widget.RelativeLayout/android.widget.ScrollView/android.widget.LinearLayout/android.widget.LinearLayout/android.widget.RelativeLayout/android.widget.LinearLayout/android.webkit.WebView/android.webkit.WebView/android.view.View (tried for 70 second(s) with 500 milliseconds interval) 
2018-08-30 17:53:30 INFO  - PASSED - Feature Email - chargerTest - 89 - Ahmet - 10.2 - 3.4.1 - 172.25.144.1 - - 
2018-08-31 10:35:13 INFO  - PASSED - Feature Email - chargerTest - 213 - Ahmet - 10.2 - 3.4.1 - 172.25.144.1 - - 
2018-08-31 11:24:35 ERROR - FAILED - Feature Email - chargerTest - 235 - Ahmet - 10.2 - 3.4.1 - 172.25.144.1 - An unknown server-side error occurred while processing the command. Original error: Android bootstrap socket crashed: Error: This socket is closed
Build info: version: '3.14.0', revision: 'aacccce0', time: '2018-08-02T20:19:58.91Z'
System info: host: '121069-SUPRISUL', ip: '172.25.144.1', os.name: 'Windows 10', os.arch: 'amd64', os.version: '10.0', java.version: '1.8.0_162'
Driver info: io.appium.java_client.android.AndroidDriver
Capabilities {app: C:\eclipse-workspace\mobile..., appActivity: com.google.android.gm.Conve..., appPackage: com.google.android.gm, databaseEnabled: false, desired: {app: C:\eclipse-workspace\mobile..., appActivity: com.google.android.gm.Conve..., appPackage: com.google.android.gm, deviceName: Galaxy J1 (2016), deviceVersion: 5.1.1, platformName: android}, deviceManufacturer: samsung, deviceModel: SM-J120M, deviceName: 4200ffebc60a73c3, deviceScreenSize: 480x800, deviceUDID: 4200ffebc60a73c3, deviceVersion: 5.1.1, javascriptEnabled: true, locationContextEnabled: false, networkConnectionEnabled: true, platform: LINUX, platformName: Android, platformVersion: 5.1.1, takesScreenshot: true, warnings: {}, webStorageEnabled: false}
Session ID: 834ec73b-f792-4028-8981-af3cafaa614d
*** Element info: {Using=xpath, value=//android.view.View[contains(@content-desc,'Teste Enviando email via Appium!')]} 
2018-08-31 11:34:29 ERROR - FAILED - Feature Email - chargerTest - 245 - Ahmet - 10.2 - 3.4.1 - 172.25.144.1 - Expected condition failed: waiting for presence of any elements located by By.xpath: //android.view.View[contains(@content-desc,'Teste Enviando email via Appium!')] (tried for 70 second(s) with 500 milliseconds interval)
Build info: version: '3.14.0', revision: 'aacccce0', time: '2018-08-02T20:19:58.91Z'
System info: host: '121069-SUPRISUL', ip: '172.25.144.1', os.name: 'Windows 10', os.arch: 'amd64', os.version: '10.0', java.version: '1.8.0_162'
Driver info: io.appium.java_client.android.AndroidDriver
Capabilities {app: C:\eclipse-workspace\mobile..., appActivity: com.google.android.gm.Conve..., appPackage: com.google.android.gm, databaseEnabled: false, desired: {app: C:\eclipse-workspace\mobile..., appActivity: com.google.android.gm.Conve..., appPackage: com.google.android.gm, deviceName: 4200ffebc60a73c3, deviceVersion: 5.1.1, platformName: android, platformVersion: 5.1.1}, deviceManufacturer: samsung, deviceModel: SM-J120M, deviceName: 4200ffebc60a73c3, deviceScreenSize: 480x800, deviceUDID: 4200ffebc60a73c3, deviceVersion: 5.1.1, javascriptEnabled: true, locationContextEnabled: false, networkConnectionEnabled: true, platform: LINUX, platformName: Android, platformVersion: 5.1.1, takesScreenshot: true, warnings: {}, webStorageEnabled: false}
Session ID: 6bb7fbf5-28b9-411b-bfc6-587dbc4f9bb5 
2018-08-31 11:35:57 ERROR - FAILED - Feature Email - chargerTest - 50 - Ahmet - 10.2 - 3.4.1 - 172.25.144.1 - A session is either terminated or not started
Build info: version: '3.14.0', revision: 'aacccce0', time: '2018-08-02T20:19:58.91Z'
System info: host: '121069-SUPRISUL', ip: '172.25.144.1', os.name: 'Windows 10', os.arch: 'amd64', os.version: '10.0', java.version: '1.8.0_162'
Driver info: io.appium.java_client.android.AndroidDriver
Capabilities {app: C:\eclipse-workspace\mobile..., appActivity: com.google.android.gm.Conve..., appPackage: com.google.android.gm, databaseEnabled: false, desired: {app: C:\eclipse-workspace\mobile..., appActivity: com.google.android.gm.Conve..., appPackage: com.google.android.gm, deviceName: 4200ffebc60a73c3, deviceVersion: 5.1.1, platformName: android, platformVersion: 5.1.1}, deviceManufacturer: samsung, deviceModel: SM-J120M, deviceName: 4200ffebc60a73c3, deviceScreenSize: 480x800, deviceUDID: 4200ffebc60a73c3, deviceVersion: 5.1.1, javascriptEnabled: true, locationContextEnabled: false, networkConnectionEnabled: true, platform: LINUX, platformName: Android, platformVersion: 5.1.1, takesScreenshot: true, warnings: {}, webStorageEnabled: false}
Session ID: fb2d2bce-99ed-425a-af30-9c9494b28fdf
*** Element info: {Using=id, value=com.google.android.gm:id/mail_toolbar} 
2018-08-31 11:42:37 ERROR - FAILED - Feature Email - chargerTest - 173 - Ahmet - 10.2 - 3.4.1 - 172.25.144.1 - Expected condition failed: waiting for element to be clickable: By.id: com.google.android.gm:id/mail_toolbar (tried for 70 second(s) with 500 milliseconds interval) 
2018-08-31 13:41:51 ERROR - FAILED - Feature Email - chargerTest - 262 - Ahmet - 10.2 - 3.4.1 - 172.25.144.1 - A session is either terminated or not started
Build info: version: '3.14.0', revision: 'aacccce0', time: '2018-08-02T20:19:58.91Z'
System info: host: '121069-SUPRISUL', ip: '172.25.144.1', os.name: 'Windows 10', os.arch: 'amd64', os.version: '10.0', java.version: '1.8.0_162'
Driver info: io.appium.java_client.android.AndroidDriver
Capabilities {app: C:\eclipse-workspace\mobile..., appActivity: com.google.android.gm.Conve..., appPackage: com.google.android.gm, databaseEnabled: false, desired: {app: C:\eclipse-workspace\mobile..., appActivity: com.google.android.gm.Conve..., appPackage: com.google.android.gm, deviceName: H3AZB6017701DCM, deviceVersion: 8.0.0, platformName: android, platformVersion: 8.0.0}, deviceManufacturer: asus, deviceModel: ASUS_Z012DC, deviceName: H3AZB6017701DCM, deviceScreenSize: 1080x1920, deviceUDID: H3AZB6017701DCM, deviceVersion: 8.0.0, javascriptEnabled: true, locationContextEnabled: false, networkConnectionEnabled: true, platform: LINUX, platformName: Android, platformVersion: 8.0.0, takesScreenshot: true, warnings: {}, webStorageEnabled: false}
Session ID: 036f4cd5-9207-4589-8f85-1edc6193eae4
*** Element info: {Using=id, value=com.google.android.gm:id/mail_toolbar} 
2018-08-31 15:04:53 ERROR - FAILED - Feature Email - chargerTest - 14 - Ahmet - 10.2 - 3.4.1 - 172.25.144.1 - Connection refused: connect
Build info: version: '3.14.0', revision: 'aacccce0', time: '2018-08-02T20:19:58.91Z'
System info: host: '121069-SUPRISUL', ip: '172.25.144.1', os.name: 'Windows 10', os.arch: 'amd64', os.version: '10.0', java.version: '1.8.0_162'
Driver info: driver.version: AppiumDriver 
2018-08-31 15:31:27 ERROR - FAILED - Feature Email - chargerTest - 135 - Ahmet - 10.2 - 3.4.1 - 172.25.144.1 - Expected condition failed: waiting for element to be clickable: By.id: com.google.android.gm:id/mail_toolbar (tried for 70 second(s) with 500 milliseconds interval) 
2018-08-31 15:58:09 ERROR - FAILED - Feature Email - chargerTest - 92 - Ahmet - 10.2 - 3.4.1 - 172.25.144.1 - expected [testando....] but found [testando....Â ] 
2018-08-31 16:01:12 INFO  - PASSED - Feature Email - chargerTest - 96 - Ahmet - 10.2 - 3.4.1 - 172.25.144.1 - - 
2018-08-31 16:04:37 ERROR - FAILED - Feature Email - chargerTest - 145 - Ahmet - 10.2 - 3.4.1 - 172.25.144.1 - An unknown server-side error occurred while processing the command. Original error: Android bootstrap socket crashed: Error: This socket has been ended by the other party
Build info: version: '3.14.0', revision: 'aacccce0', time: '2018-08-02T20:19:58.91Z'
System info: host: '121069-SUPRISUL', ip: '172.25.144.1', os.name: 'Windows 10', os.arch: 'amd64', os.version: '10.0', java.version: '1.8.0_162'
Driver info: io.appium.java_client.android.AndroidDriver
Capabilities {app: C:\eclipse-workspace\mobile..., appActivity: com.google.android.gm.Conve..., appPackage: com.google.android.gm, databaseEnabled: false, desired: {app: C:\eclipse-workspace\mobile..., appActivity: com.google.android.gm.Conve..., appPackage: com.google.android.gm, deviceName: Galaxy A8 (2018), deviceVersion: 7.7.1, platformName: android}, deviceManufacturer: samsung, deviceModel: SM-A530F, deviceName: 5200a11fee23b461, deviceScreenSize: 1080x2220, deviceUDID: 5200a11fee23b461, deviceVersion: 7.7.1, javascriptEnabled: true, locationContextEnabled: false, networkConnectionEnabled: true, platform: LINUX, platformName: Android, platformVersion: 7.1.1, takesScreenshot: true, warnings: {}, webStorageEnabled: false}
Session ID: 74ee57a9-f39f-428c-88fb-40d173db4506
*** Element info: {Using=id, value=com.google.android.gm:id/mail_toolbar} 
2018-08-31 16:41:01 ERROR - FAILED - Feature Email - chargerTest - 185 - Ahmet - 10.2 - 3.4.1 - 172.25.144.1 - Expected condition failed: waiting for element to be clickable: By.id: com.google.android.gm:id/mail_toolbar (tried for 70 second(s) with 500 milliseconds interval) 
2018-08-31 16:50:48 INFO  - PASSED - Feature Email - chargerTest - 380 - Ahmet - 10.2 - 3.4.1 - 172.25.144.1 - - 
2018-08-31 16:52:35 ERROR - FAILED - Feature Email - chargerTest - 7 - Ahmet - 10.2 - 3.4.1 - 172.25.144.1 - Connection refused: connect
Build info: version: '3.14.0', revision: 'aacccce0', time: '2018-08-02T20:19:58.91Z'
System info: host: '121069-SUPRISUL', ip: '172.25.144.1', os.name: 'Windows 10', os.arch: 'amd64', os.version: '10.0', java.version: '1.8.0_162'
Driver info: driver.version: RemoteWebDriver 
